2015/05/05 21:37:23 [error] [exception.CDbException] exception 'CDbException' with message 'CDbConnection failed to open the DB connection: could not find driver' in /var/www/html/projects/public/yii-1.1.16/framework/db/CDbConnection.php:399
Stack trace:
#0 /var/www/html/projects/public/yii-1.1.16/framework/db/CDbConnection.php(347): CDbConnection->open()
#1 /var/www/html/projects/public/yii-1.1.16/framework/db/CDbConnection.php(325): CDbConnection->setActive(true)
#2 /var/www/html/projects/public/yii-1.1.16/framework/base/CModule.php(394): CDbConnection->init()
#3 /var/www/html/projects/public/yii-1.1.16/framework/base/CModule.php(103): CModule->getComponent('db')
#4 /var/www/html/projects/public/yii-1.1.16/framework/gii/generators/crud/CrudCode.php(44): CModule->__get('db')
#5 /var/www/html/projects/public/yii-1.1.16/framework/web/CFormModel.php(39): CrudCode->init()
#6 /var/www/html/projects/public/yii-1.1.16/framework/gii/CCodeGenerator.php(153): CFormModel->__construct()
#7 /var/www/html/projects/public/yii-1.1.16/framework/gii/CCodeGenerator.php(63): CCodeGenerator->prepare()
#8 /var/www/html/projects/public/yii-1.1.16/framework/web/actions/CInlineAction.php(49): CCodeGenerator->actionIndex()
#9 /var/www/html/projects/public/yii-1.1.16/framework/web/CController.php(308): CInlineAction->runWithParams(Array)
#10 /var/www/html/projects/public/yii-1.1.16/framework/web/CController.php(286): CController->runAction(Object(CInlineAction))
#11 /var/www/html/projects/public/yii-1.1.16/framework/web/CController.php(265): CController->runActionWithFilters(Object(CInlineAction), Array)
#12 /var/www/html/projects/public/yii-1.1.16/framework/web/CWebApplication.php(282): CController->run('index')
#13 /var/www/html/projects/public/yii-1.1.16/framework/web/CWebApplication.php(141): CWebApplication->runController('gii/crud/index')
#14 /var/www/html/projects/public/yii-1.1.16/framework/base/CApplication.php(184): CWebApplication->processRequest()
#15 /var/www/html/projects/public/fei2015/index.php(13): CApplication->run()
#16 {main}
REQUEST_URI=/fei2015/index.php?r=gii/crud/index
HTTP_REFERER=http://projects.com/fei2015/index.php?r=gii/default/index
---
2015/05/05 21:39:57 [error] [exception.CDbException] exception 'CDbException' with message 'CDbConnection failed to open the DB connection: could not find driver' in /var/www/html/projects/public/yii-1.1.16/framework/db/CDbConnection.php:399
Stack trace:
#0 /var/www/html/projects/public/yii-1.1.16/framework/db/CDbConnection.php(347): CDbConnection->open()
#1 /var/www/html/projects/public/yii-1.1.16/framework/db/CDbConnection.php(325): CDbConnection->setActive(true)
#2 /var/www/html/projects/public/yii-1.1.16/framework/base/CModule.php(394): CDbConnection->init()
#3 /var/www/html/projects/public/yii-1.1.16/framework/base/CModule.php(103): CModule->getComponent('db')
#4 /var/www/html/projects/public/yii-1.1.16/framework/gii/generators/crud/CrudCode.php(44): CModule->__get('db')
#5 /var/www/html/projects/public/yii-1.1.16/framework/web/CFormModel.php(39): CrudCode->init()
#6 /var/www/html/projects/public/yii-1.1.16/framework/gii/CCodeGenerator.php(153): CFormModel->__construct()
#7 /var/www/html/projects/public/yii-1.1.16/framework/gii/CCodeGenerator.php(63): CCodeGenerator->prepare()
#8 /var/www/html/projects/public/yii-1.1.16/framework/web/actions/CInlineAction.php(49): CCodeGenerator->actionIndex()
#9 /var/www/html/projects/public/yii-1.1.16/framework/web/CController.php(308): CInlineAction->runWithParams(Array)
#10 /var/www/html/projects/public/yii-1.1.16/framework/web/CController.php(286): CController->runAction(Object(CInlineAction))
#11 /var/www/html/projects/public/yii-1.1.16/framework/web/CController.php(265): CController->runActionWithFilters(Object(CInlineAction), Array)
#12 /var/www/html/projects/public/yii-1.1.16/framework/web/CWebApplication.php(282): CController->run('index')
#13 /var/www/html/projects/public/yii-1.1.16/framework/web/CWebApplication.php(141): CWebApplication->runController('gii/crud/index')
#14 /var/www/html/projects/public/yii-1.1.16/framework/base/CApplication.php(184): CWebApplication->processRequest()
#15 /var/www/html/projects/public/fei2015/index.php(13): CApplication->run()
#16 {main}
REQUEST_URI=/fei2015/index.php?r=gii/crud/index
---
2015/05/06 00:24:53 [error] [php] include(CPasswordHerlper.php): failed to open stream: No such file or directory (/var/www/html/projects/public/yii-1.1.16/framework/YiiBase.php:432)
Stack trace:
#0 /var/www/html/projects/public/fei2015/protected/models/User.php(119): spl_autoload_call()
#1 /var/www/html/projects/public/fei2015/protected/components/UserIdentity.php(25): User->validatePassword()
#2 /var/www/html/projects/public/fei2015/protected/models/LoginForm.php(52): UserIdentity->authenticate()
#3 /var/www/html/projects/public/yii-1.1.16/framework/validators/CInlineValidator.php(42): LoginForm->authenticate()
#4 /var/www/html/projects/public/yii-1.1.16/framework/validators/CValidator.php(201): CInlineValidator->validateAttribute()
#5 /var/www/html/projects/public/yii-1.1.16/framework/base/CModel.php(159): CInlineValidator->validate()
#6 /var/www/html/projects/public/fei2015/protected/controllers/SiteController.php(94): LoginForm->validate()
#7 /var/www/html/projects/public/yii-1.1.16/framework/web/actions/CInlineAction.php(49): SiteController->actionLogin()
#8 /var/www/html/projects/public/yii-1.1.16/framework/web/CController.php(308): CInlineAction->runWithParams()
#9 /var/www/html/projects/public/yii-1.1.16/framework/web/CController.php(286): SiteController->runAction()
#10 /var/www/html/projects/public/yii-1.1.16/framework/web/CController.php(265): SiteController->runActionWithFilters()
#11 /var/www/html/projects/public/yii-1.1.16/framework/web/CWebApplication.php(282): SiteController->run()
#12 /var/www/html/projects/public/yii-1.1.16/framework/web/CWebApplication.php(141): CWebApplication->runController()
#13 /var/www/html/projects/public/yii-1.1.16/framework/base/CApplication.php(184): CWebApplication->processRequest()
#14 /var/www/html/projects/public/fei2015/index.php(13): CWebApplication->run()
REQUEST_URI=/fei2015/index.php?r=site/login
in /var/www/html/projects/public/fei2015/protected/models/User.php (119)
in /var/www/html/projects/public/fei2015/protected/components/UserIdentity.php (25)
in /var/www/html/projects/public/fei2015/protected/models/LoginForm.php (52)
2015/05/06 00:30:46 [error] [exception.CHttpException.403] exception 'CHttpException' with message 'You are not authorized to perform this action.' in /var/www/html/projects/public/yii-1.1.16/framework/web/auth/CAccessControlFilter.php:182
Stack trace:
#0 /var/www/html/projects/public/yii-1.1.16/framework/web/auth/CAccessControlFilter.php(145): CAccessControlFilter->accessDenied(Object(CWebUser), 'You are not aut...')
#1 /var/www/html/projects/public/yii-1.1.16/framework/web/filters/CFilter.php(38): CAccessControlFilter->preFilter(Object(CFilterChain))
#2 /var/www/html/projects/public/yii-1.1.16/framework/web/CController.php(1145): CFilter->filter(Object(CFilterChain))
#3 /var/www/html/projects/public/yii-1.1.16/framework/web/filters/CInlineFilter.php(58): CController->filterAccessControl(Object(CFilterChain))
#4 /var/www/html/projects/public/yii-1.1.16/framework/web/filters/CFilterChain.php(130): CInlineFilter->filter(Object(CFilterChain))
#5 /var/www/html/projects/public/yii-1.1.16/framework/web/CController.php(291): CFilterChain->run()
#6 /var/www/html/projects/public/yii-1.1.16/framework/web/CController.php(265): CController->runActionWithFilters(Object(CInlineAction), Array)
#7 /var/www/html/projects/public/yii-1.1.16/framework/web/CWebApplication.php(282): CController->run('admin')
#8 /var/www/html/projects/public/yii-1.1.16/framework/web/CWebApplication.php(141): CWebApplication->runController('user/admin')
#9 /var/www/html/projects/public/yii-1.1.16/framework/base/CApplication.php(184): CWebApplication->processRequest()
#10 /var/www/html/projects/public/fei2015/index.php(13): CApplication->run()
#11 {main}
REQUEST_URI=/fei2015/index.php?r=user/admin
HTTP_REFERER=http://projects.com/fei2015/index.php?r=user/index
---
2015/05/06 02:15:21 [error] [exception.CHttpException.403] exception 'CHttpException' with message 'You are not authorized to perform this action.' in /var/www/html/projects/public/yii-1.1.16/framework/web/auth/CAccessControlFilter.php:182
Stack trace:
#0 /var/www/html/projects/public/yii-1.1.16/framework/web/auth/CAccessControlFilter.php(145): CAccessControlFilter->accessDenied(Object(CWebUser), 'You are not aut...')
#1 /var/www/html/projects/public/yii-1.1.16/framework/web/filters/CFilter.php(38): CAccessControlFilter->preFilter(Object(CFilterChain))
#2 /var/www/html/projects/public/yii-1.1.16/framework/web/CController.php(1145): CFilter->filter(Object(CFilterChain))
#3 /var/www/html/projects/public/yii-1.1.16/framework/web/filters/CInlineFilter.php(58): CController->filterAccessControl(Object(CFilterChain))
#4 /var/www/html/projects/public/yii-1.1.16/framework/web/filters/CFilterChain.php(130): CInlineFilter->filter(Object(CFilterChain))
#5 /var/www/html/projects/public/yii-1.1.16/framework/web/CController.php(291): CFilterChain->run()
#6 /var/www/html/projects/public/yii-1.1.16/framework/web/CController.php(265): CController->runActionWithFilters(Object(CInlineAction), Array)
#7 /var/www/html/projects/public/yii-1.1.16/framework/web/CWebApplication.php(282): CController->run('admin')
#8 /var/www/html/projects/public/yii-1.1.16/framework/web/CWebApplication.php(141): CWebApplication->runController('post/admin')
#9 /var/www/html/projects/public/yii-1.1.16/framework/base/CApplication.php(184): CWebApplication->processRequest()
#10 /var/www/html/projects/public/fei2015/index.php(13): CApplication->run()
#11 {main}
REQUEST_URI=/fei2015/index.php?r=post/admin
HTTP_REFERER=http://projects.com/fei2015/index.php?r=post/index
---
2015/05/06 02:40:58 [warning] [application] Failed to set unsafe attribute "nombreUsuario" of "Post".
in /var/www/html/projects/public/fei2015/protected/controllers/PostController.php (139)
in /var/www/html/projects/public/fei2015/index.php (13)
2015/05/06 02:41:02 [warning] [application] Failed to set unsafe attribute "nombreUsuario" of "Post".
in /var/www/html/projects/public/fei2015/protected/controllers/PostController.php (139)
in /var/www/html/projects/public/fei2015/index.php (13)
2015/05/06 02:41:05 [warning] [application] Failed to set unsafe attribute "nombreUsuario" of "Post".
in /var/www/html/projects/public/fei2015/protected/controllers/PostController.php (139)
in /var/www/html/projects/public/fei2015/index.php (13)
